<?xml version="1.0" encoding="UTF-8"?>
<testsuite xmlns:xsi="http://www.w3.org/2001/XMLSchema-instance" xsi:noNamespaceSchemaLocation="https://maven.apache.org/surefire/maven-surefire-plugin/xsd/surefire-test-report-3.0.xsd" version="3.0" name="org.example.LoginTest" time="19.157" tests="2" errors="0" skipped="0" failures="0">
  <properties>
[...]
</properties>
  <testcase name="loginTest(String, String)[1]" classname="org.example.LoginTest" time="10.704">
    <system-err><![CDATA[июн. 22, 2024 7:12:37 PM org.openqa.selenium.devtools.CdpVersionFinder findNearestMatch
WARNING: Unable to find an exact match for CDP version 126, returning the closest version; found: 123; Please update to a Selenium version that supports CDP version 126
]]></system-err>
  </testcase>
  <testcase name="loginTest(String, String)[2]" classname="org.example.LoginTest" time="8.367">
    <system-err><![CDATA[июн. 22, 2024 7:12:46 PM org.openqa.selenium.devtools.CdpVersionFinder findNearestMatch
WARNING: Unable to find an exact match for CDP version 126, returning the closest version; found: 123; Please update to a Selenium version that supports CDP version 126
]]></system-err>
  </testcase>
</testsuite>